Logfile "results/logs/exec_20220507_195731.log" initialized
Called from: eval(expr, p)
Warning messages:
1: package ‘foreach’ was built under R version 4.1.3 
2: package ‘doParallel’ was built under R version 4.1.3 
3: package ‘iterators’ was built under R version 4.1.3 
4: package ‘doRNG’ was built under R version 4.1.3 
5: package ‘rngtools’ was built under R version 4.1.3 
6: package ‘itertools’ was built under R version 4.1.3 
7: package ‘cowplot’ was built under R version 4.1.3 
debug at C:/Users/David/OneDrive - Generalitat de Catalunya/PhD/models/lung/calib1_allmatrix.R#402: sol[[1]] = optim(par = conIni, fn = distgrup1, control = list(trace = 0, 
    maxit = 1e+05, verbose = TRUE))
 [1] 1.489909e-06 5.867000e-05 3.730257e-02 4.500190e-01
 [5] 3.106921e-02 2.065997e-06 8.325936e-02 3.106877e-02
 [9] 2.507825e-06 3.106981e-02 1.474400e-06 1.048770e-05
[13] 9.628000e-05 1.459174e-02 4.817762e-01 3.106987e-02
[17] 1.406690e-06 5.002668e-02 3.106915e-02 2.133610e-06
[21] 3.107034e-02 9.389510e-07 1.850743e-05 1.818200e-04
[25] 9.078452e-03 4.456022e-01 3.194026e-02 1.368130e-06
[29] 4.041379e-02 3.194037e-02 1.263800e-06 3.194041e-02
[33] 1.224350e-06 3.379590e-05 3.319800e-04 2.169828e-01
[37] 7.456861e-01 3.193267e-02 8.960070e-06 2.791187e-01
[41] 3.193489e-02 6.740880e-06 3.193038e-02 1.124740e-05
[45] 4.726600e-05 5.416100e-04 5.877487e-01 3.670773e-01
[49] 2.245486e-02 1.233395e-02 9.381896e-01 2.548812e-02
[53] 9.300688e-03 3.091162e-02 3.877191e-03 5.705600e-05
[57] 8.237400e-04 1.486321e-02 9.452874e-01 2.701171e-02
[61] 7.777100e-03 9.457299e-01 3.355346e-02 1.235355e-03
[65] 3.142905e-02 3.359761e-03 2.920300e-04 1.242490e-03
[69] 5.729383e-01 7.139182e-02 4.011576e-02 7.709380e-04
[73] 9.229677e-01 4.939897e-03 3.594680e-02 3.159220e-02
[77] 9.294503e-03 5.383000e-05 1.902510e-03 2.245586e-01
[81] 3.490672e-01 4.081703e-02 6.967430e-05 7.174936e-02
[85] 1.859725e-03 3.902697e-02 3.776724e-02 3.119458e-03
[89] 5.894200e-05 3.309430e-03 9.683304e-03 4.140106e-01
[93] 2.297307e-02 3.066435e-02 6.086860e-01 6.745365e-03
[97] 4.689206e-02 6.731846e-02 4.318957e-03
